<?xml version="1.0" encoding="UTF-8"?>
<!-- Generated by org.testng.reporters.JUnitXMLReporter -->
<testsuite ignored="0" hostname="U84242158" failures="1" tests="5" name="FirefoxTest" time="121.306" errors="0" timestamp="2023-07-18T02:00:01 TRT">
  <testcase classname="com.findeks.kkb.test.FindeksTest" name="KNOWN_FAIL_SCENARIO_only_password_filled" time="5.936">
    <failure type="java.lang.AssertionError" message="expected [true] but found [false]">
      <![CDATA[java.lang.AssertionError: expected [true] but found [false]
at com.findeks.kkb.base.BasePage.assertEquals(BasePage.java:88)
at com.findeks.kkb.base.StepImplementations.verifyColor(StepImplementations.java:69)
at com.findeks.kkb.test.FindeksTest.KNOWN_FAIL_SCENARIO_only_password_filled(FindeksTest.java:73)
at java.base/java.util.ArrayList.forEach(ArrayList.java:1541)
... Removed 35 stack frames]]>
    </failure>
  </testcase> <!-- KNOWN_FAIL_SCENARIO_only_password_filled -->
  <testcase classname="com.findeks.kkb.test.FindeksTest" name="all_areas_filled" time="7.956"/>
  <testcase classname="com.findeks.kkb.test.FindeksTest" name="all_input_areas_empty" time="6.131"/>
  <testcase classname="com.findeks.kkb.test.FindeksTest" name="only_id_filled" time="14.585"/>
  <testcase classname="com.findeks.kkb.test.FindeksTest" name="only_tax_id_filled" time="10.643"/>
</testsuite> <!-- FirefoxTest -->
